Build started 29.07.2014 16:36:41.
     1>Project "D:\OpenPTV\openptv-tcl\mvs2010\liboptv_imageprocessing\liboptv_imageprocessing.vcxproj" on node 2 (build target(s)).
     1>InitializeBuildStatus:
         Creating "Debug\liboptv_imageprocessing.unsuccessfulbuild" because "AlwaysCreate" was specified.
       ClCompile:
         c:\Program Files\Microsoft Visual Studio 10.0\VC\bin\CL.exe /c /ID:\OpenPTV\openptv\liboptv\include /ZI /nologo /W3 /WX- /Od /Oy- /D WIN32 /D _DEBUG /D _WINDOWS /D _USRDLL /D LIBOPTV_IMAGEPROCESSING_EXPORTS /D _WINDLL /D _UNICODE /D UNICODE /Gm /EHsc /RTC1 /MDd /GS /fp:precise /Zc:wchar_t /Zc:forScope /Fo"Debug\\" /Fd"Debug\vc100.pdb" /Gd /TC /analyze- /errorReport:prompt ..\..\..\openptv\liboptv\src\image_processing.c
         image_processing.c
     1>d:\openptv\openptv\liboptv\src\image_processing.c(56): warning C4996: 'fopen': This function or variable may be unsafe. Consider using fopen_s instead. To disable deprecation, use _CRT_SECURE_NO_WARNINGS. See online help for details.
                 c:\program files\microsoft visual studio 10.0\vc\include\stdio.h(234) : see declaration of 'fopen'
     1>d:\openptv\openptv\liboptv\src\image_processing.c(61): warning C4244: '=' : conversion from 'double' to 'float', possible loss of data
     1>d:\openptv\openptv\liboptv\src\image_processing.c(68): warning C4996: 'fscanf': This function or variable may be unsafe. Consider using fscanf_s instead. To disable deprecation, use _CRT_SECURE_NO_WARNINGS. See online help for details.
                 c:\program files\microsoft visual studio 10.0\vc\include\stdio.h(253) : see declaration of 'fscanf'
     1>d:\openptv\openptv\liboptv\src\image_processing.c(80): warning C4244: '=' : conversion from 'double' to 'float', possible loss of data
     1>d:\openptv\openptv\liboptv\src\image_processing.c(46): warning C4101: 'ptr7' : unreferenced local variable
     1>d:\openptv\openptv\liboptv\src\image_processing.c(44): warning C4101: 'ptr3' : unreferenced local variable
     1>d:\openptv\openptv\liboptv\src\image_processing.c(46): warning C4101: 'ptr8' : unreferenced local variable
     1>d:\openptv\openptv\liboptv\src\image_processing.c(45): warning C4101: 'ptr4' : unreferenced local variable
     1>d:\openptv\openptv\liboptv\src\image_processing.c(44): warning C4101: 'ptr' : unreferenced local variable
     1>d:\openptv\openptv\liboptv\src\image_processing.c(47): warning C4101: 'end' : unreferenced local variable
     1>d:\openptv\openptv\liboptv\src\image_processing.c(46): warning C4101: 'ptr9' : unreferenced local variable
     1>d:\openptv\openptv\liboptv\src\image_processing.c(45): warning C4101: 'ptr5' : unreferenced local variable
     1>d:\openptv\openptv\liboptv\src\image_processing.c(44): warning C4101: 'ptr1' : unreferenced local variable
     1>d:\openptv\openptv\liboptv\src\image_processing.c(45): warning C4101: 'ptr6' : unreferenced local variable
     1>d:\openptv\openptv\liboptv\src\image_processing.c(44): warning C4101: 'ptr2' : unreferenced local variable
     1>d:\openptv\openptv\liboptv\src\image_processing.c(153): warning C4244: '=' : conversion from 'int' to 'float', possible loss of data
     1>d:\openptv\openptv\liboptv\src\image_processing.c(159): warning C4244: '=' : conversion from 'float' to 'unsigned char', possible loss of data
     1>d:\openptv\openptv\liboptv\src\image_processing.c(235): warning C4101: 'j' : unreferenced local variable
       ManifestResourceCompile:
         All outputs are up-to-date.
       Link:
         c:\Program Files\Microsoft Visual Studio 10.0\VC\bin\link.exe /ERRORREPORT:PROMPT /OUT:"D:\OpenPTV\openptv-tcl\mvs2010\Debug\liboptv_imageprocessing.dll" /INCREMENTAL /NOLOGO kernel32.lib user32.lib gdi32.lib winspool.lib comdlg32.lib advapi32.lib shell32.lib ole32.lib oleaut32.lib uuid.lib odbc32.lib odbccp32.lib /MANIFEST /ManifestFile:"Debug\liboptv_imageprocessing.dll.intermediate.manifest" /MANIFESTUAC:"level='asInvoker' uiAccess='false'" /DEBUG /PDB:"D:\OpenPTV\openptv-tcl\mvs2010\Debug\liboptv_imageprocessing.pdb" /SUBSYSTEM:WINDOWS /TLBID:1 /DYNAMICBASE /NXCOMPAT /IMPLIB:"D:\OpenPTV\openptv-tcl\mvs2010\Debug\liboptv_imageprocessing.lib" /MACHINE:X86 /DLL Debug\liboptv_imageprocessing.dll.embed.manifest.res
         Debug\calibration.obj
         Debug\epi.obj
         Debug\image_processing.obj
         Debug\lsqadj.obj
         Debug\multimed.obj
         Debug\parameters.obj
         Debug\ray_tracing.obj
         Debug\tracking_frame_buf.obj
         Debug\trafo.obj
     1>trafo.obj : warning LNK4099: PDB 'vc100.pdb' was not found with 'trafo.obj' or at 'D:\OpenPTV\openptv-tcl\mvs2010\Debug\vc100.pdb'; linking object as if no debug info
     1>tracking_frame_buf.obj : warning LNK4099: PDB 'vc100.pdb' was not found with 'tracking_frame_buf.obj' or at 'D:\OpenPTV\openptv-tcl\mvs2010\Debug\vc100.pdb'; linking object as if no debug info
     1>ray_tracing.obj : warning LNK4099: PDB 'vc100.pdb' was not found with 'ray_tracing.obj' or at 'D:\OpenPTV\openptv-tcl\mvs2010\Debug\vc100.pdb'; linking object as if no debug info
     1>parameters.obj : warning LNK4099: PDB 'vc100.pdb' was not found with 'parameters.obj' or at 'D:\OpenPTV\openptv-tcl\mvs2010\Debug\vc100.pdb'; linking object as if no debug info
     1>multimed.obj : warning LNK4099: PDB 'vc100.pdb' was not found with 'multimed.obj' or at 'D:\OpenPTV\openptv-tcl\mvs2010\Debug\vc100.pdb'; linking object as if no debug info
     1>lsqadj.obj : warning LNK4099: PDB 'vc100.pdb' was not found with 'lsqadj.obj' or at 'D:\OpenPTV\openptv-tcl\mvs2010\Debug\vc100.pdb'; linking object as if no debug info
     1>epi.obj : warning LNK4099: PDB 'vc100.pdb' was not found with 'epi.obj' or at 'D:\OpenPTV\openptv-tcl\mvs2010\Debug\vc100.pdb'; linking object as if no debug info
     1>calibration.obj : warning LNK4099: PDB 'vc100.pdb' was not found with 'calibration.obj' or at 'D:\OpenPTV\openptv-tcl\mvs2010\Debug\vc100.pdb'; linking object as if no debug info
       Manifest:
         c:\Program Files\Microsoft SDKs\Windows\v7.0A\bin\mt.exe /nologo /verbose /out:"Debug\liboptv_imageprocessing.dll.embed.manifest" /manifest Debug\liboptv_imageprocessing.dll.intermediate.manifest
         All outputs are up-to-date.
       LinkEmbedManifest:
         All outputs are up-to-date.
         liboptv_imageprocessing.vcxproj -> D:\OpenPTV\openptv-tcl\mvs2010\Debug\liboptv_imageprocessing.dll
       FinalizeBuildStatus:
         Deleting file "Debug\liboptv_imageprocessing.unsuccessfulbuild".
         Touching "Debug\liboptv_imageprocessing.lastbuildstate".
     1>Done Building Project "D:\OpenPTV\openptv-tcl\mvs2010\liboptv_imageprocessing\liboptv_imageprocessing.vcxproj" (build target(s)).

Build succeeded.

Time Elapsed 00:00:03.85
